# JRE version: Java(TM) SE Runtime Environment (8.0_191-b12) (build 1.8.0_191-b12)
# Java VM: Java HotSpot(TM) Client VM (25.191-b12 mixed mode windows-x86 )
Heap:
 def new generation   total 157248K, used 77858K [0x05c00000, 0x106a0000, 0x106a0000)
  eden space 139776K,  50% used [0x05c00000, 0x0a16b6b0, 0x0e480000)
  from space 17472K,  38% used [0x0e480000, 0x0eb1d428, 0x0f590000)
  to   space 17472K,   0% used [0x0f590000, 0x0f590000, 0x106a0000)
 tenured generation   total 349568K, used 337812K [0x106a0000, 0x25c00000, 0x25c00000)
   the space 349568K,  96% used [0x106a0000, 0x250851c8, 0x25085200, 0x25c00000)
 Metaspace       used 22578K, capacity 23123K, committed 23296K, reserved 23936K
GC Heap History (10 events):
Event: 18277.154 GC heap before
{Heap before GC invocations=45 (full 6):
 def new generation   total 157248K, used 148594K [0x05c00000, 0x106a0000, 0x106a0000)
  eden space 139776K, 100% used [0x05c00000, 0x0e480000, 0x0e480000)
  from space 17472K,  50% used [0x0f590000, 0x0fe2c9f0, 0x106a0000)
  to   space 17472K,   0% used [0x0e480000, 0x0e480000, 0x0f590000)
 tenured generation   total 349568K, used 296195K [0x106a0000, 0x25c00000, 0x25c00000)
   the space 349568K,  84% used [0x106a0000, 0x227e0d08, 0x227e0e00, 0x25c00000)
 Metaspace       used 22566K, capacity 23121K, committed 23296K, reserved 23936K
Event: 18277.235 GC heap after
Heap after GC invocations=46 (full 6):
 def new generation   total 157248K, used 7234K [0x05c00000, 0x106a0000, 0x106a0000)
  eden space 139776K,   0% used [0x05c00000, 0x05c00000, 0x0e480000)
  from space 17472K,  41% used [0x0e480000, 0x0eb90b20, 0x0f590000)
  to   space 17472K,   0% used [0x0f590000, 0x0f590000, 0x106a0000)
 tenured generation   total 349568K, used 304432K [0x106a0000, 0x25c00000, 0x25c00000)
   the space 349568K,  87% used [0x106a0000, 0x22fec398, 0x22fec400, 0x25c00000)
 Metaspace       used 22566K, capacity 23121K, committed 23296K, reserved 23936K
}
Event: 18498.670 GC heap before
{Heap before GC invocations=46 (full 6):
 def new generation   total 157248K, used 147010K [0x05c00000, 0x106a0000, 0x106a0000)
  eden space 139776K, 100% used [0x05c00000, 0x0e480000, 0x0e480000)
  from space 17472K,  41% used [0x0e480000, 0x0eb90b20, 0x0f590000)
  to   space 17472K,   0% used [0x0f590000, 0x0f590000, 0x106a0000)
 tenured generation   total 349568K, used 304432K [0x106a0000, 0x25c00000, 0x25c00000)
   the space 349568K,  87% used [0x106a0000, 0x22fec398, 0x22fec400, 0x25c00000)
 Metaspace       used 22576K, capacity 23121K, committed 23296K, reserved 23936K
Event: 18498.687 GC heap after
Heap after GC invocations=47 (full 6):
 def new generation   total 157248K, used 13651K [0x05c00000, 0x106a0000, 0x106a0000)
  eden space 139776K,   0% used [0x05c00000, 0x05c00000, 0x0e480000)
  from space 17472K,  78% used [0x0f590000, 0x102e4e08, 0x106a0000)
  to   space 17472K,   0% used [0x0e480000, 0x0e480000, 0x0f590000)
 tenured generation   total 349568K, used 304432K [0x106a0000, 0x25c00000, 0x25c00000)
   the space 349568K,  87% used [0x106a0000, 0x22fec398, 0x22fec400, 0x25c00000)
 Metaspace       used 22576K, capacity 23121K, committed 23296K, reserved 23936K
}
Event: 18719.039 GC heap before
{Heap before GC invocations=47 (full 6):
 def new generation   total 157248K, used 153427K [0x05c00000, 0x106a0000, 0x106a0000)
  eden space 139776K, 100% used [0x05c00000, 0x0e480000, 0x0e480000)
  from space 17472K,  78% used [0x0f590000, 0x102e4e08, 0x106a0000)
  to   space 17472K,   0% used [0x0e480000, 0x0e480000, 0x0f590000)
 tenured generation   total 349568K, used 304432K [0x106a0000, 0x25c00000, 0x25c00000)
   the space 349568K,  87% used [0x106a0000, 0x22fec398, 0x22fec400, 0x25c00000)
 Metaspace       used 22578K, capacity 23123K, committed 23296K, reserved 23936K
Event: 18719.114 GC heap after
Heap after GC invocations=48 (full 6):
 def new generation   total 157248K, used 17390K [0x05c00000, 0x106a0000, 0x106a0000)
  eden space 139776K,   0% used [0x05c00000, 0x05c00000, 0x0e480000)
  from space 17472K,  99% used [0x0e480000, 0x0f57baa0, 0x0f590000)
  to   space 17472K,   0% used [0x0f590000, 0x0f590000, 0x106a0000)
 tenured generation   total 349568K, used 310395K [0x106a0000, 0x25c00000, 0x25c00000)
   the space 349568K,  88% used [0x106a0000, 0x235bec20, 0x235bee00, 0x25c00000)
 Metaspace       used 22578K, capacity 23123K, committed 23296K, reserved 23936K
}
Event: 18938.180 GC heap before
{Heap before GC invocations=48 (full 6):
 def new generation   total 157248K, used 157166K [0x05c00000, 0x106a0000, 0x106a0000)
  eden space 139776K, 100% used [0x05c00000, 0x0e480000, 0x0e480000)
  from space 17472K,  99% used [0x0e480000, 0x0f57baa0, 0x0f590000)
  to   space 17472K,   0% used [0x0f590000, 0x0f590000, 0x106a0000)
 tenured generation   total 349568K, used 310395K [0x106a0000, 0x25c00000, 0x25c00000)
   the space 349568K,  88% used [0x106a0000, 0x235bec20, 0x235bee00, 0x25c00000)
 Metaspace       used 22578K, capacity 23123K, committed 23296K, reserved 23936K
Event: 18938.267 GC heap after
Heap after GC invocations=49 (full 6):
 def new generation   total 157248K, used 12256K [0x05c00000, 0x106a0000, 0x106a0000)
  eden space 139776K,   0% used [0x05c00000, 0x05c00000, 0x0e480000)
  from space 17472K,  70% used [0x0f590000, 0x10188350, 0x106a0000)
  to   space 17472K,   0% used [0x0e480000, 0x0e480000, 0x0f590000)
 tenured generation   total 349568K, used 326837K [0x106a0000, 0x25c00000, 0x25c00000)
   the space 349568K,  93% used [0x106a0000, 0x245cd6d0, 0x245cd800, 0x25c00000)
 Metaspace       used 22578K, capacity 23123K, committed 23296K, reserved 23936K
}
Event: 19122.528 GC heap before
{Heap before GC invocations=49 (full 6):
 def new generation   total 157248K, used 152032K [0x05c00000, 0x106a0000, 0x106a0000)
  eden space 139776K, 100% used [0x05c00000, 0x0e480000, 0x0e480000)
  from space 17472K,  70% used [0x0f590000, 0x10188350, 0x106a0000)
  to   space 17472K,   0% used [0x0e480000, 0x0e480000, 0x0f590000)
 tenured generation   total 349568K, used 326837K [0x106a0000, 0x25c00000, 0x25c00000)
   the space 349568K,  93% used [0x106a0000, 0x245cd6d0, 0x245cd800, 0x25c00000)
 Metaspace       used 22578K, capacity 23123K, committed 23296K, reserved 23936K
Event: 19122.556 GC heap after
Heap after GC invocations=50 (full 6):
 def new generation   total 157248K, used 6773K [0x05c00000, 0x106a0000, 0x106a0000)
  eden space 139776K,   0% used [0x05c00000, 0x05c00000, 0x0e480000)
  from space 17472K,  38% used [0x0e480000, 0x0eb1d428, 0x0f590000)
  to   space 17472K,   0% used [0x0f590000, 0x0f590000, 0x106a0000)
 tenured generation   total 349568K, used 337812K [0x106a0000, 0x25c00000, 0x25c00000)
   the space 349568K,  96% used [0x106a0000, 0x250851c8, 0x25085200, 0x25c00000)
 Metaspace       used 22578K, capacity 23123K, committed 23296K, reserved 23936K
}

